T14B4 000:000.470   SEGGER J-Link V8.12c Log File
T14B4 000:000.585   DLL Compiled: Jan 22 2025 12:55:59
T14B4 000:000.591   Logging started @ 2025-11-12 10:42
T14B4 000:000.596   Process: C:\Users\Admin\.eclipse\com.renesas.platform_1435879475\DebugComp\RA\e2-server-gdb.exe
T14B4 000:000.606 - 0.601ms 
T14B4 000:000.618 JLINK_GetDLLVersion()
T14B4 000:000.625 - 0.006ms returns 81203
T14B4 000:002.666 JLINK_OpenEx(...)
T14B4 000:008.861   Firmware: J-Link V9 compiled May  7 2021 16:26:12
T14B4 000:009.451   Firmware: J-Link V9 compiled May  7 2021 16:26:12
T14B4 000:009.601   Decompressing FW timestamp took 127 us
T14B4 000:015.203   Hardware: V9.60
T14B4 000:015.216   S/N: 69651103
T14B4 000:015.223   OEM: SEGGER
T14B4 000:015.231   Feature(s): RDI, GDB, FlashDL, FlashBP, JFlash
T14B4 000:015.774   Bootloader: (FW returned invalid version)
T14B4 000:016.469   TELNET listener socket opened on port 19021
T14B4 000:016.565   WEBSRV WEBSRV_Init(): Starting webserver thread(s)
T14B4 000:016.681   WEBSRV Webserver running on local port 19080
T14B4 000:016.772   Looking for J-Link GUI Server exe at: C:\Users\Admin\.eclipse\com.renesas.platform_1435879475\DebugComp\RA\ARM\Segger_v8.12.3\JLinkGUIServer.exe
T14B4 000:016.855   Looking for J-Link GUI Server exe at: C:\Program Files\SEGGER\JLink\JLinkGUIServer.exe
T14B4 000:016.885   Forking J-Link GUI Server: C:\Program Files\SEGGER\JLink\JLinkGUIServer.exe
T14B4 000:037.553   J-Link GUI Server info: "J-Link GUI server V7.50 "
T14B4 000:037.760   J-Link GUI Server: Connection breakdown.
T14B4 000:037.837 - 35.144ms returns "O.K."
T14B4 000:037.953 JLINK_ExecCommand("ProjectFile=C:\Users\My PC\e2_studio\workspace\Interupt_Timer/Interupt_Timer.elf.jlink", ...). 
T14B4 000:051.858 - 13.905ms returns 0x00
T14B4 000:052.231 JLINK_ExecCommand("device=R7FA4M2AB", ...). 
T14B4 000:053.004   Flash bank @ 0x0100A100: SFL: Parsing sectorization info from ELF file
T14B4 000:053.016     FlashDevice.SectorInfo[0]: .SectorSize = 0x00000010, .SectorStartAddr = 0x00000000
T14B4 000:053.024   FlashBank @0x0100A100: Sectorization info from SFL ELF file ignored because sectorization override from DLL / XML file is active.
T14B4 000:053.210   Flash bank @ 0x60000000: SFL: Parsing sectorization info from ELF file
T14B4 000:053.219     FlashDevice.SectorInfo[0]: .SectorSize = 0x00010000, .SectorStartAddr = 0x00000000
T14B4 000:055.511   Device "R7FA4M2AB" selected.
T14B4 000:055.826 - 3.583ms returns 0x00
T14B4 000:055.849 JLINK_TIF_GetAvailable(...)
T14B4 000:056.076 - 0.226ms 
T14B4 000:056.090 JLINK_TIF_Select(JLINKARM_TIF_SWD)
T14B4 000:056.853 - 0.763ms returns 0x00
T14B4 000:056.893 JLINK_SetSpeed(4000)
T14B4 000:057.000 - 0.108ms 
T14B4 000:057.029 JLINK_ReadMem(0xE000EDF0, 0x4 Bytes, ...)
T14B4 000:057.201   ConfigTargetSettings() start
T14B4 000:057.228    J-Link Script File: Executing ConfigTargetSettings()
T14B4 000:057.237   Configuring FlashDLNoRMWThreshold=0x200 in order to make sure that option bytes programming is done via read-modify-write
T14B4 000:073.961   ConfigTargetSettings() end - Took 16.7ms
T14B4 000:073.978   InitTarget() start
T14B4 000:073.985    J-Link Script File: Executing InitTarget()
T14B4 000:073.992   SWD selected. Executing JTAG -> SWD switching sequence.
T14B4 000:075.615   DAP initialized successfully.
T14B4 000:075.629   Determining TrustZone configuration...
T14B4 000:076.311     Secure Debug: Enabled (SSD)
T14B4 000:076.321   Determining currently configured transfer type by reading the AHB-AP CSW register.
T14B4 000:076.922     --> Correct transfer type configured. Done.
T14B4 000:076.934   InitTarget() end - Took 2.94ms
T14B4 000:077.364   Found SW-DP with ID 0x6BA02477
T14B4 000:079.003   DPIDR: 0x6BA02477
T14B4 000:079.013   CoreSight SoC-400 or earlier
T14B4 000:079.021   Scanning AP map to find all available APs
T14B4 000:079.672   AP[2]: Stopped AP scan as end of AP map has been reached
T14B4 000:079.685   AP[0]: AHB-AP (IDR: 0x84770001, ADDR: 0x00000000)
T14B4 000:079.693   AP[1]: APB-AP (IDR: 0x54770002, ADDR: 0x01000000)
T14B4 000:079.725   Iterating through AP map to find AHB-AP to use
T14B4 000:080.391   AP[0]: Core found
T14B4 000:080.401   AP[0]: AHB-AP ROM base: 0xE00FE000
T14B4 000:080.780   CPUID register: 0x410FD214. Implementer code: 0x41 (ARM)
T14B4 000:080.791   Feature set: Mainline
T14B4 000:081.174   Cache: No cache
T14B4 000:081.185   Found Cortex-M33 r0p4, Little endian.
T14B4 000:081.457   -- Max. mem block: 0x00010A88
T14B4 000:081.893   
  ***** Warning: 
T14B4 000:081.904   Cortex-M (ARMv8-M and later): The connected J-Link (S/N 69651103) uses an old firmware module that does not handle I/D-cache correctly. Proper debugging functionality cannot be guaranteed if cache is enabled
T14B4 000:081.919   CPU_ReadMem(4 bytes @ 0xE000EDF0)
T14B4 000:082.173   CPU_ReadMem(4 bytes @ 0xE0002000)
T14B4 000:082.423   FPUnit: 8 code (BP) slots and 0 literal slots
T14B4 000:082.435   CPU_ReadMem(4 bytes @ 0xE000EDFC)
T14B4 000:082.668   CPU_ReadMem(4 bytes @ 0xE0001000)
T14B4 000:082.918   CPU_ReadMem(4 bytes @ 0xE0001000)
T14B4 000:083.171   CPU_ReadMem(4 bytes @ 0xE0001028)
T14B4 000:083.417   CPU_ReadMem(4 bytes @ 0xE0001038)
T14B4 000:083.669   CPU_ReadMem(4 bytes @ 0xE0001048)
T14B4 000:083.918   CPU_ReadMem(4 bytes @ 0xE0001058)
T14B4 000:084.171   CPU_WriteMem(4 bytes @ 0xE0001000)
T14B4 000:084.441   CPU_ReadMem(4 bytes @ 0xE000ED88)
T14B4 000:084.696   CPU_WriteMem(4 bytes @ 0xE000ED88)
T14B4 000:084.971   CPU_ReadMem(4 bytes @ 0xE000ED88)
T14B4 000:085.219   CPU_WriteMem(4 bytes @ 0xE000ED88)
T14B4 000:085.492   CPU_ReadMem(4 bytes @ 0xE000EFB8)
T14B4 000:085.800   Security extension: implemented
T14B4 000:085.811   Secure debug: enabled
T14B4 000:085.818   CoreSight components:
T14B4 000:085.826   ROMTbl[0] @ E00FE000
T14B4 000:085.834   CPU_ReadMem(64 bytes @ 0xE00FE000)
T14B4 000:086.404   CPU_ReadMem(32 bytes @ 0xE0044FE0)
T14B4 000:086.858   CPU_ReadMem(4 bytes @ 0xE0044FBC)
T14B4 000:087.119   CPU_ReadMem(4 bytes @ 0xE0044FCC)
T14B4 000:087.371   [0][0]: E0044000 CID B105900D PID 005BB906 DEVARCH 00000000 DEVTYPE 14 CTI (?)
T14B4 000:087.383   CPU_ReadMem(32 bytes @ 0xE0047FE0)
T14B4 000:087.805   CPU_ReadMem(4 bytes @ 0xE0047FBC)
T14B4 000:088.196   CPU_ReadMem(4 bytes @ 0xE0047FCC)
T14B4 000:088.447   [0][1]: E0047000 CID B105900D PID 003BB908 DEVARCH 00000000 DEVTYPE 12 CSTF
T14B4 000:088.459   CPU_ReadMem(32 bytes @ 0xE0048FE0)
T14B4 000:088.876   CPU_ReadMem(4 bytes @ 0xE0048FBC)
T14B4 000:089.123   CPU_ReadMem(4 bytes @ 0xE0048FCC)
T14B4 000:089.365   [0][2]: E0048000 CID B105900D PID 001BB961 DEVARCH 00000000 DEVTYPE 21 TMC
T14B4 000:089.377   CPU_ReadMem(32 bytes @ 0xE0049FE0)
T14B4 000:089.839   [0][3]: E0049000 CID B105F00D PID 001BB101 TSG
T14B4 000:089.850   CPU_ReadMem(32 bytes @ 0xE0040FE0)
T14B4 000:090.279   CPU_ReadMem(4 bytes @ 0xE0040FBC)
T14B4 000:090.523   CPU_ReadMem(4 bytes @ 0xE0040FCC)
T14B4 000:090.793   [0][4]: E0040000 CID B105900D PID 000BBD21 DEVARCH 00000000 DEVTYPE 11 TPIU
T14B4 000:090.805   CPU_ReadMem(32 bytes @ 0xE00FFFE0)
T14B4 000:091.221   [0][5]: E00FF000 CID B105100D PID 000BB4C9 ROM Table
T14B4 000:091.232   ROMTbl[1] @ E00FF000
T14B4 000:091.239   CPU_ReadMem(64 bytes @ 0xE00FF000)
T14B4 000:091.809   CPU_ReadMem(32 bytes @ 0xE000EFE0)
T14B4 000:092.221   CPU_ReadMem(4 bytes @ 0xE000EFBC)
T14B4 000:092.472   CPU_ReadMem(4 bytes @ 0xE000EFCC)
T14B4 000:092.725   [1][0]: E000E000 CID B105900D PID 000BBD21 DEVARCH 47702A04 DEVTYPE 00 Cortex-M33
T14B4 000:092.736   CPU_ReadMem(32 bytes @ 0xE0001FE0)
T14B4 000:093.175   CPU_ReadMem(4 bytes @ 0xE0001FBC)
T14B4 000:093.419   CPU_ReadMem(4 bytes @ 0xE0001FCC)
T14B4 000:093.670   [1][1]: E0001000 CID B105900D PID 000BBD21 DEVARCH 47701A02 DEVTYPE 00 DWT
T14B4 000:093.681   CPU_ReadMem(32 bytes @ 0xE0002FE0)
T14B4 000:094.117   CPU_ReadMem(4 bytes @ 0xE0002FBC)
T14B4 000:094.365   CPU_ReadMem(4 bytes @ 0xE0002FCC)
T14B4 000:094.618   [1][2]: E0002000 CID B105900D PID 000BBD21 DEVARCH 47701A03 DEVTYPE 00 FPB
T14B4 000:094.630   CPU_ReadMem(32 bytes @ 0xE0000FE0)
T14B4 000:095.068   CPU_ReadMem(4 bytes @ 0xE0000FBC)
T14B4 000:095.350   CPU_ReadMem(4 bytes @ 0xE0000FCC)
T14B4 000:095.618   [1][3]: E0000000 CID B105900D PID 000BBD21 DEVARCH 47701A01 DEVTYPE 43 ITM
T14B4 000:095.630   CPU_ReadMem(32 bytes @ 0xE0041FE0)
T14B4 000:096.049   CPU_ReadMem(4 bytes @ 0xE0041FBC)
T14B4 000:096.316   CPU_ReadMem(4 bytes @ 0xE0041FCC)
T14B4 000:096.617   [1][5]: E0041000 CID B105900D PID 002BBD21 DEVARCH 47724A13 DEVTYPE 13 ETM
T14B4 000:096.629   CPU_ReadMem(32 bytes @ 0xE0042FE0)
T14B4 000:097.015   CPU_ReadMem(4 bytes @ 0xE0042FBC)
T14B4 000:097.270   CPU_ReadMem(4 bytes @ 0xE0042FCC)
T14B4 000:097.516   [1][6]: E0042000 CID B105900D PID 000BBD21 DEVARCH 47701A14 DEVTYPE 14 CSS600-CTI
T14B4 000:097.562   CPU_ReadMem(4 bytes @ 0xE000EDF0)
T14B4 000:097.813   Data:  03 00 13 00
T14B4 000:097.825   Debug reg: DHCSR
T14B4 000:097.833 - 40.804ms returns 0
T14B4 000:097.849 JLINK_ReadMem(0x400E002C, 0x4 Bytes, ...)
T14B4 000:097.858   CPU_ReadMem(4 bytes @ 0x400E002C)
T14B4 000:098.100   Data:  01 00 00 00
T14B4 000:098.110 - 0.261ms returns 0
T14B4 000:098.142 JLINK_ReadMem(0xE000EDF0, 0x4 Bytes, ...)
T14B4 000:098.151   CPU_ReadMem(4 bytes @ 0xE000EDF0)
T14B4 000:098.399   Data:  03 00 13 00
T14B4 000:098.410   Debug reg: DHCSR
T14B4 000:098.418 - 0.276ms returns 0
T14B4 000:098.453 JLINK_ReadMem(0xE000EDF0, 0x4 Bytes, ...)
T14B4 000:098.462   CPU_ReadMem(4 bytes @ 0xE000EDF0)
T14B4 000:098.696   Data:  03 00 13 00
T14B4 000:098.706   Debug reg: DHCSR
T14B4 000:098.713 - 0.260ms returns 0
T14B4 000:098.722 JLINK_ReadMem(0x400E001C, 0x4 Bytes, ...)
T14B4 000:098.729   CPU_ReadMem(4 bytes @ 0x400E001C)
T14B4 000:098.971   Data:  00 FC FF 00
T14B4 000:098.980 - 0.259ms returns 0
T14B4 000:098.991 JLINK_ReadMem(0xE000EDF0, 0x4 Bytes, ...)
T14B4 000:098.998   CPU_ReadMem(4 bytes @ 0xE000EDF0)
T14B4 000:099.240   Data:  03 00 13 00
T14B4 000:099.251   Debug reg: DHCSR
T14B4 000:099.259 - 0.268ms returns 0
T14B4 000:099.268 JLINK_ReadMem(0x400E0018, 0x4 Bytes, ...)
T14B4 000:099.276   CPU_ReadMem(4 bytes @ 0x400E0018)
T14B4 000:099.518   Data:  00 80 FF 00
T14B4 000:099.529 - 0.261ms returns 0
T14B4 000:099.540 JLINK_ReadMem(0xE000EDF0, 0x4 Bytes, ...)
T14B4 000:099.548   CPU_ReadMem(4 bytes @ 0xE000EDF0)
T14B4 000:099.797   Data:  03 00 13 00
T14B4 000:099.807   Debug reg: DHCSR
T14B4 000:099.815 - 0.274ms returns 0
T14B4 000:099.823 JLINK_ReadMem(0x400E0020, 0x4 Bytes, ...)
T14B4 000:099.831   CPU_ReadMem(4 bytes @ 0x400E0020)
T14B4 000:100.071   Data:  00 FC 00 00
T14B4 000:100.082 - 0.258ms returns 0
T14B4 000:100.093 JLINK_ReadMem(0xE000EDF0, 0x4 Bytes, ...)
T14B4 000:100.100   CPU_ReadMem(4 bytes @ 0xE000EDF0)
T14B4 000:100.348   Data:  03 00 13 00
T14B4 000:100.359   Debug reg: DHCSR
T14B4 000:100.366 - 0.273ms returns 0
T14B4 000:100.375 JLINK_ReadMem(0x400E0028, 0x4 Bytes, ...)
T14B4 000:100.382   CPU_ReadMem(4 bytes @ 0x400E0028)
T14B4 000:100.618   Data:  00 FC 1F 00
T14B4 000:100.628 - 0.253ms returns 0
T14B4 000:100.639 JLINK_ReadMem(0xE000EDF0, 0x4 Bytes, ...)
T14B4 000:100.647   CPU_ReadMem(4 bytes @ 0xE000EDF0)
T14B4 000:100.895   Data:  03 00 13 00
T14B4 000:100.906   Debug reg: DHCSR
T14B4 000:100.914 - 0.274ms returns 0
T14B4 000:100.922 JLINK_ReadMem(0x400E0024, 0x4 Bytes, ...)
T14B4 000:100.929   CPU_ReadMem(4 bytes @ 0x400E0024)
T14B4 000:101.171   Data:  00 E0 1F 00
T14B4 000:101.182 - 0.260ms returns 0
T14B4 000:101.194 JLINK_ReadMem(0xE000EDF0, 0x4 Bytes, ...)
T14B4 000:101.202   CPU_ReadMem(4 bytes @ 0xE000EDF0)
T14B4 000:101.449   Data:  03 00 13 00
T14B4 000:101.459   Debug reg: DHCSR
T14B4 000:101.467 - 0.273ms returns 0
T14B4 000:101.475 JLINK_ReadMem(0x400E002C, 0x4 Bytes, ...)
T14B4 000:101.482   CPU_ReadMem(4 bytes @ 0x400E002C)
T14B4 000:101.799   Data:  01 00 00 00
T14B4 000:101.811 - 0.336ms returns 0
T14B4 000:111.028 JLINK_Close()
T14B4 000:122.830 - 11.800ms
T14B4 000:122.877   
T14B4 000:122.886   Closed
